<?xml version="1.0" encoding="UTF-8"?>
<!-- Generated by org.testng.reporters.JUnitReportReporter -->
<testsuite hostname="Praneeth" failures="0" tests="7" name="testNG.InvocationCountPractice" time="0.040" errors="0" timestamp="2022-12-27T14:32:58 IST" skipped="0">
  <testcase classname="testNG.InvocationCountPractice" name="demo6" time="0.001"/>
  <system-out>
    <![CDATA[Demo 6]]>
  </system-out>
  <testcase classname="testNG.InvocationCountPractice" name="demo3" time="0.005"/>
  <system-out>
    <![CDATA[Demo 3]]>
  </system-out>
  <testcase classname="testNG.InvocationCountPractice" name="demo1" time="0.003"/>
  <system-out>
    <![CDATA[Demo 1]]>
  </system-out>
  <testcase classname="testNG.InvocationCountPractice" name="demo1" time="0.021"/>
  <system-out>
    <![CDATA[Demo 1]]>
  </system-out>
  <testcase classname="testNG.InvocationCountPractice" name="demo2" time="0.002"/>
  <system-out>
    <![CDATA[Demo 2]]>
  </system-out>
  <testcase classname="testNG.InvocationCountPractice" name="demo6" time="0.006"/>
  <system-out>
    <![CDATA[Demo 6]]>
  </system-out>
  <testcase classname="testNG.InvocationCountPractice" name="demo6" time="0.002"/>
  <system-out>
    <![CDATA[Demo 6]]>
  </system-out>
</testsuite> <!-- testNG.InvocationCountPractice -->
