<?xml version="1.0" encoding="UTF-8"?>
<!-- Generated by org.testng.reporters.JUnitReportReporter -->
<testsuite hostname="Praneeth" failures="0" tests="1" name="batchExecution.FourthTest" time="0.002" errors="0" timestamp="2022-12-27T15:13:28 IST" skipped="0">
  <testcase classname="batchExecution.FourthTest" name="fourthTest" time="0.002"/>
  <system-out>
    <![CDATA[Fourth Test]]>
  </system-out>
</testsuite> <!-- batchExecution.FourthTest -->
