<?xml version="1.0" encoding="UTF-8"?>
<!-- Generated by org.testng.reporters.JUnitReportReporter -->
<testsuite hostname="Praneeth" failures="0" tests="1" name="listeners.ListenersPracticeWithAnnotation" time="0.016" errors="0" timestamp="2022-12-30T14:35:19 IST" skipped="0">
  <testcase classname="listeners.ListenersPracticeWithAnnotation" name="demo" time="0.016"/>
  <system-out>
    <![CDATA[@Test method]]>
  </system-out>
</testsuite> <!-- listeners.ListenersPracticeWithAnnotation -->
