<?xml version="1.0" encoding="UTF-8"?>
<!-- Generated by org.testng.reporters.JUnitReportReporter -->
<testsuite hostname="Praneeth" failures="0" tests="4" name="dataProvider.PracticeTest" time="0.013" errors="0" timestamp="2022-12-29T14:52:55 IST" skipped="0">
  <testcase classname="dataProvider.PracticeTest" name="demo" time="0.007"/>
  <system-out/>
  <testcase classname="dataProvider.PracticeTest" name="demo" time="0.001"/>
  <system-out/>
  <testcase classname="dataProvider.PracticeTest" name="demo" time="0.002"/>
  <system-out/>
  <testcase classname="dataProvider.PracticeTest" name="demo" time="0.003"/>
  <system-out/>
</testsuite> <!-- dataProvider.PracticeTest -->
