<?xml version="1.0" encoding="UTF-8"?>
<!-- Generated by org.testng.reporters.JUnitReportReporter -->
<testsuite hostname="Praneeth" failures="0" tests="3" name="groupExecution.FirstTest" time="0.000" errors="0" timestamp="2022-12-27T15:55:01 IST" skipped="0">
  <testcase classname="groupExecution.FirstTest" name="firstBuildTestCase2" time="0.000"/>
  <system-out>
    <![CDATA[ Test Case2]]>
  </system-out>
  <testcase classname="groupExecution.FirstTest" name="firstBuildTestcase" time="0.000"/>
  <system-out>
    <![CDATA[Test Case3]]>
  </system-out>
  <testcase classname="groupExecution.FirstTest" name="firstBuildTestCase1" time="0.000"/>
  <system-out>
    <![CDATA[Test 1]]>
  </system-out>
</testsuite> <!-- groupExecution.FirstTest -->
