<?xml version="1.0" encoding="UTF-8"?>
<!-- Generated by org.testng.reporters.JUnitReportReporter -->
<testsuite hostname="Praneeth" failures="0" tests="2" name="groupExecution.ThirdTest" time="0.014" errors="0" timestamp="2022-12-27T15:55:01 IST" skipped="0">
  <testcase classname="groupExecution.ThirdTest" name="thirdBuildTestcase2" time="0.002"/>
  <system-out>
    <![CDATA[Test Case8]]>
  </system-out>
  <testcase classname="groupExecution.ThirdTest" name="thirdBuildTestcase1" time="0.012"/>
  <system-out>
    <![CDATA[Test Case7]]>
  </system-out>
</testsuite> <!-- groupExecution.ThirdTest -->
