<?xml version="1.0" encoding="UTF-8"?>
<!-- Generated by org.testng.reporters.JUnitReportReporter -->
<testsuite hostname="Praneeth" failures="0" tests="1" name="batchExecution.FirstTest" time="0.007" errors="0" timestamp="2022-12-27T15:13:28 IST" skipped="0">
  <testcase classname="batchExecution.FirstTest" name="firstTest" time="0.007"/>
  <system-out>
    <![CDATA[First Test]]>
  </system-out>
</testsuite> <!-- batchExecution.FirstTest -->
