<?xml version="1.0" encoding="UTF-8"?>
<!-- Generated by org.testng.reporters.JUnitReportReporter -->
<testsuite hostname="Praneeth" failures="0" tests="4" name="testNG.DependsOnMethodsPractice" time="0.017" errors="0" timestamp="2022-12-27T14:53:21 IST" skipped="0">
  <testcase classname="testNG.DependsOnMethodsPractice" name="test4" time="0.002"/>
  <system-out>
    <![CDATA[Test 4]]>
  </system-out>
  <testcase classname="testNG.DependsOnMethodsPractice" name="test1" time="0.012"/>
  <system-out>
    <![CDATA[Test 1]]>
  </system-out>
  <testcase classname="testNG.DependsOnMethodsPractice" name="test2" time="0.002"/>
  <system-out>
    <![CDATA[Test 2]]>
  </system-out>
  <testcase classname="testNG.DependsOnMethodsPractice" name="test3" time="0.001"/>
  <system-out>
    <![CDATA[Test 3]]>
  </system-out>
</testsuite> <!-- testNG.DependsOnMethodsPractice -->
