<?xml version="1.0" encoding="UTF-8"?>
<!-- Generated by org.testng.reporters.JUnitReportReporter -->
<testsuite hostname="Praneeth" failures="0" tests="2" name="testNG.FirstTest" time="0.011" errors="0" timestamp="2022-12-26T16:04:36 IST" skipped="0">
  <testcase classname="testNG.FirstTest" name="firstTest2" time="0.002"/>
  <system-out/>
  <testcase classname="testNG.FirstTest" name="firstTest" time="0.009"/>
  <system-out/>
</testsuite> <!-- testNG.FirstTest -->
