<?xml version="1.0" encoding="UTF-8"?>
<!-- Generated by org.testng.reporters.JUnitReportReporter -->
<testsuite hostname="Praneeth" failures="0" tests="4" name="testNG.EnabledPractice" time="0.010" errors="0" timestamp="2022-12-27T14:38:25 IST" skipped="2">
  <testcase classname="testNG.EnabledPractice" name="d" time="0.003"/>
  <system-out>
    <![CDATA[Test 4]]>
  </system-out>
  <testcase classname="testNG.EnabledPractice" name="a" time="0.007"/>
  <system-out>
    <![CDATA[Test 1]]>
  </system-out>
  <testcase classname="testNG.EnabledPractice" name="c">
    <skipped/>
  </testcase> <!-- c -->
  <system-out/>
  <testcase classname="testNG.EnabledPractice" name="b">
    <skipped/>
  </testcase> <!-- b -->
  <system-out/>
</testsuite> <!-- testNG.EnabledPractice -->
