<?xml version="1.0" encoding="UTF-8"?>
<!-- Generated by org.testng.reporters.JUnitReportReporter -->
<testsuite hostname="Praneeth" failures="0" tests="3" name="groupExecution.SecondTest" time="0.006" errors="0" timestamp="2022-12-27T15:55:01 IST" skipped="0">
  <testcase classname="groupExecution.SecondTest" name="secondBuildTestcase2" time="0.003"/>
  <system-out>
    <![CDATA[Test Case 5]]>
  </system-out>
  <testcase classname="groupExecution.SecondTest" name="secondBuildTestcase1" time="0.001"/>
  <system-out>
    <![CDATA[Test case 4]]>
  </system-out>
  <testcase classname="groupExecution.SecondTest" name="secondBuildTestcase3" time="0.002"/>
  <system-out>
    <![CDATA[Test case 6]]>
  </system-out>
</testsuite> <!-- groupExecution.SecondTest -->
